# JRE version: Java(TM) SE Runtime Environment (8.0_131-b11) (build 1.8.0_131-b11)
# Java VM: Java HotSpot(TM) 64-Bit Server VM (25.131-b11 mixed mode linux-amd64 compressed oops)
Heap:
 PSYoungGen      total 39424K, used 17431K [0x00000000e1900000, 0x00000000e4d00000, 0x0000000100000000)
  eden space 37888K, 42% used [0x00000000e1900000,0x00000000e28a8ca0,0x00000000e3e00000)
  from space 1536K, 90% used [0x00000000e4b80000,0x00000000e4cdd270,0x00000000e4d00000)
  to   space 3584K, 0% used [0x00000000e4600000,0x00000000e4600000,0x00000000e4980000)
 ParOldGen       total 47104K, used 7896K [0x00000000a4a00000, 0x00000000a7800000, 0x00000000e1900000)
  object space 47104K, 16% used [0x00000000a4a00000,0x00000000a51b6330,0x00000000a7800000)
 Metaspace       used 24359K, capacity 25724K, committed 25856K, reserved 1071104K
  class space    used 3513K, capacity 3795K, committed 3840K, reserved 1048576K
GC Heap History (10 events):
Event: 2.181 GC heap before
{Heap before GC invocations=1 (full 0):
 PSYoungGen      total 27648K, used 24064K [0x00000000e1900000, 0x00000000e3780000, 0x0000000100000000)
  eden space 24064K, 100% used [0x00000000e1900000,0x00000000e3080000,0x00000000e3080000)
  from space 3584K, 0% used [0x00000000e3400000,0x00000000e3400000,0x00000000e3780000)
  to   space 3584K, 0% used [0x00000000e3080000,0x00000000e3080000,0x00000000e3400000)
 ParOldGen       total 62976K, used 0K [0x00000000a4a00000, 0x00000000a8780000, 0x00000000e1900000)
  object space 62976K, 0% used [0x00000000a4a00000,0x00000000a4a00000,0x00000000a8780000)
 Metaspace       used 11623K, capacity 12026K, committed 12160K, reserved 1060864K
  class space    used 1518K, capacity 1640K, committed 1664K, reserved 1048576K
Event: 2.195 GC heap after
Heap after GC invocations=1 (full 0):
 PSYoungGen      total 27648K, used 3568K [0x00000000e1900000, 0x00000000e3780000, 0x0000000100000000)
  eden space 24064K, 0% used [0x00000000e1900000,0x00000000e1900000,0x00000000e3080000)
  from space 3584K, 99% used [0x00000000e3080000,0x00000000e33fc030,0x00000000e3400000)
  to   space 3584K, 0% used [0x00000000e3400000,0x00000000e3400000,0x00000000e3780000)
 ParOldGen       total 62976K, used 245K [0x00000000a4a00000, 0x00000000a8780000, 0x00000000e1900000)
  object space 62976K, 0% used [0x00000000a4a00000,0x00000000a4a3d598,0x00000000a8780000)
 Metaspace       used 11623K, capacity 12026K, committed 12160K, reserved 1060864K
  class space    used 1518K, capacity 1640K, committed 1664K, reserved 1048576K
}
Event: 4.753 GC heap before
{Heap before GC invocations=2 (full 0):
 PSYoungGen      total 27648K, used 27632K [0x00000000e1900000, 0x00000000e3780000, 0x0000000100000000)
  eden space 24064K, 100% used [0x00000000e1900000,0x00000000e3080000,0x00000000e3080000)
  from space 3584K, 99% used [0x00000000e3080000,0x00000000e33fc030,0x00000000e3400000)
  to   space 3584K, 0% used [0x00000000e3400000,0x00000000e3400000,0x00000000e3780000)
 ParOldGen       total 62976K, used 245K [0x00000000a4a00000, 0x00000000a8780000, 0x00000000e1900000)
  object space 62976K, 0% used [0x00000000a4a00000,0x00000000a4a3d598,0x00000000a8780000)
 Metaspace       used 19435K, capacity 20156K, committed 20352K, reserved 1067008K
  class space    used 2735K, capacity 2911K, committed 2944K, reserved 1048576K
Event: 4.763 GC heap after
Heap after GC invocations=2 (full 0):
 PSYoungGen      total 27648K, used 3568K [0x00000000e1900000, 0x00000000e3780000, 0x0000000100000000)
  eden space 24064K, 0% used [0x00000000e1900000,0x00000000e1900000,0x00000000e3080000)
  from space 3584K, 99% used [0x00000000e3400000,0x00000000e377c040,0x00000000e3780000)
  to   space 3584K, 0% used [0x00000000e3080000,0x00000000e3080000,0x00000000e3400000)
 ParOldGen       total 62976K, used 4715K [0x00000000a4a00000, 0x00000000a8780000, 0x00000000e1900000)
  object space 62976K, 7% used [0x00000000a4a00000,0x00000000a4e9ad40,0x00000000a8780000)
 Metaspace       used 19435K, capacity 20156K, committed 20352K, reserved 1067008K
  class space    used 2735K, capacity 2911K, committed 2944K, reserved 1048576K
}
Event: 5.006 GC heap before
{Heap before GC invocations=3 (full 0):
 PSYoungGen      total 27648K, used 6286K [0x00000000e1900000, 0x00000000e3780000, 0x0000000100000000)
  eden space 24064K, 11% used [0x00000000e1900000,0x00000000e1ba7978,0x00000000e3080000)
  from space 3584K, 99% used [0x00000000e3400000,0x00000000e377c040,0x00000000e3780000)
  to   space 3584K, 0% used [0x00000000e3080000,0x00000000e3080000,0x00000000e3400000)
 ParOldGen       total 62976K, used 4715K [0x00000000a4a00000, 0x00000000a8780000, 0x00000000e1900000)
  object space 62976K, 7% used [0x00000000a4a00000,0x00000000a4e9ad40,0x00000000a8780000)
 Metaspace       used 20419K, capacity 21116K, committed 21248K, reserved 1067008K
  class space    used 2846K, capacity 3039K, committed 3072K, reserved 1048576K
Event: 5.016 GC heap after
Heap after GC invocations=3 (full 0):
 PSYoungGen      total 27648K, used 3568K [0x00000000e1900000, 0x00000000e4f00000, 0x0000000100000000)
  eden space 24064K, 0% used [0x00000000e1900000,0x00000000e1900000,0x00000000e3080000)
  from space 3584K, 99% used [0x00000000e3080000,0x00000000e33fc060,0x00000000e3400000)
  to   space 3584K, 0% used [0x00000000e4b80000,0x00000000e4b80000,0x00000000e4f00000)
 ParOldGen       total 62976K, used 5324K [0x00000000a4a00000, 0x00000000a8780000, 0x00000000e1900000)
  object space 62976K, 8% used [0x00000000a4a00000,0x00000000a4f332e0,0x00000000a8780000)
 Metaspace       used 20419K, capacity 21116K, committed 21248K, reserved 1067008K
  class space    used 2846K, capacity 3039K, committed 3072K, reserved 1048576K
}
Event: 5.016 GC heap before
{Heap before GC invocations=4 (full 1):
 PSYoungGen      total 27648K, used 3568K [0x00000000e1900000, 0x00000000e4f00000, 0x0000000100000000)
  eden space 24064K, 0% used [0x00000000e1900000,0x00000000e1900000,0x00000000e3080000)
  from space 3584K, 99% used [0x00000000e3080000,0x00000000e33fc060,0x00000000e3400000)
  to   space 3584K, 0% used [0x00000000e4b80000,0x00000000e4b80000,0x00000000e4f00000)
 ParOldGen       total 62976K, used 5324K [0x00000000a4a00000, 0x00000000a8780000, 0x00000000e1900000)
  object space 62976K, 8% used [0x00000000a4a00000,0x00000000a4f332e0,0x00000000a8780000)
 Metaspace       used 20419K, capacity 21116K, committed 21248K, reserved 1067008K
  class space    used 2846K, capacity 3039K, committed 3072K, reserved 1048576K
Event: 5.068 GC heap after
Heap after GC invocations=4 (full 1):
 PSYoungGen      total 27648K, used 0K [0x00000000e1900000, 0x00000000e4f00000, 0x0000000100000000)
  eden space 24064K, 0% used [0x00000000e1900000,0x00000000e1900000,0x00000000e3080000)
  from space 3584K, 0% used [0x00000000e3080000,0x00000000e3080000,0x00000000e3400000)
  to   space 3584K, 0% used [0x00000000e4b80000,0x00000000e4b80000,0x00000000e4f00000)
 ParOldGen       total 47104K, used 7888K [0x00000000a4a00000, 0x00000000a7800000, 0x00000000e1900000)
  object space 47104K, 16% used [0x00000000a4a00000,0x00000000a51b4330,0x00000000a7800000)
 Metaspace       used 20419K, capacity 21116K, committed 21248K, reserved 1067008K
  class space    used 2846K, capacity 3039K, committed 3072K, reserved 1048576K
}
Event: 5.645 GC heap before
{Heap before GC invocations=5 (full 1):
 PSYoungGen      total 27648K, used 24064K [0x00000000e1900000, 0x00000000e4f00000, 0x0000000100000000)
  eden space 24064K, 100% used [0x00000000e1900000,0x00000000e3080000,0x00000000e3080000)
  from space 3584K, 0% used [0x00000000e3080000,0x00000000e3080000,0x00000000e3400000)
  to   space 3584K, 0% used [0x00000000e4b80000,0x00000000e4b80000,0x00000000e4f00000)
 ParOldGen       total 47104K, used 7888K [0x00000000a4a00000, 0x00000000a7800000, 0x00000000e1900000)
  object space 47104K, 16% used [0x00000000a4a00000,0x00000000a51b4330,0x00000000a7800000)
 Metaspace       used 22408K, capacity 23222K, committed 23424K, reserved 1069056K
  class space    used 3168K, capacity 3378K, committed 3456K, reserved 1048576K
Event: 5.649 GC heap after
Heap after GC invocations=5 (full 1):
 PSYoungGen      total 39424K, used 1396K [0x00000000e1900000, 0x00000000e4d00000, 0x0000000100000000)
  eden space 37888K, 0% used [0x00000000e1900000,0x00000000e1900000,0x00000000e3e00000)
  from space 1536K, 90% used [0x00000000e4b80000,0x00000000e4cdd270,0x00000000e4d00000)
  to   space 3584K, 0% used [0x00000000e4600000,0x00000000e4600000,0x00000000e4980000)
 ParOldGen       total 47104K, used 7896K [0x00000000a4a00000, 0x00000000a7800000, 0x00000000e1900000)
  object space 47104K, 16% used [0x00000000a4a00000,0x00000000a51b6330,0x00000000a7800000)
 Metaspace       used 22408K, capacity 23222K, committed 23424K, reserved 1069056K
  class space    used 3168K, capacity 3378K, committed 3456K, reserved 1048576K
}

