# JRE version: Java(TM) SE Runtime Environment (8.0_131-b11) (build 1.8.0_131-b11)
# Java VM: Java HotSpot(TM) 64-Bit Server VM (25.131-b11 mixed mode linux-amd64 compressed oops)
Heap:
 PSYoungGen      total 27648K, used 17693K [0x00000000e1900000, 0x00000000e3e80000, 0x0000000100000000)
  eden space 24064K, 68% used [0x00000000e1900000,0x00000000e29277a8,0x00000000e3080000)
  from space 3584K, 32% used [0x00000000e3400000,0x00000000e3520000,0x00000000e3780000)
  to   space 3584K, 0% used [0x00000000e3080000,0x00000000e3080000,0x00000000e3400000)
 ParOldGen       total 54272K, used 8451K [0x00000000a4a00000, 0x00000000a7f00000, 0x00000000e1900000)
  object space 54272K, 15% used [0x00000000a4a00000,0x00000000a5240ff0,0x00000000a7f00000)
 Metaspace       used 24060K, capacity 25412K, committed 25648K, reserved 1071104K
  class space    used 3516K, capacity 3795K, committed 3888K, reserved 1048576K
GC Heap History (10 events):
Event: 0.817 GC heap before
{Heap before GC invocations=1 (full 0):
 PSYoungGen      total 27648K, used 24064K [0x00000000e1900000, 0x00000000e3780000, 0x0000000100000000)
  eden space 24064K, 100% used [0x00000000e1900000,0x00000000e3080000,0x00000000e3080000)
  from space 3584K, 0% used [0x00000000e3400000,0x00000000e3400000,0x00000000e3780000)
  to   space 3584K, 0% used [0x00000000e3080000,0x00000000e3080000,0x00000000e3400000)
 ParOldGen       total 62976K, used 0K [0x00000000a4a00000, 0x00000000a8780000, 0x00000000e1900000)
  object space 62976K, 0% used [0x00000000a4a00000,0x00000000a4a00000,0x00000000a8780000)
 Metaspace       used 10588K, capacity 10980K, committed 11264K, reserved 1058816K
  class space    used 1361K, capacity 1501K, committed 1536K, reserved 1048576K
Event: 0.823 GC heap after
Heap after GC invocations=1 (full 0):
 PSYoungGen      total 27648K, used 2864K [0x00000000e1900000, 0x00000000e3780000, 0x0000000100000000)
  eden space 24064K, 0% used [0x00000000e1900000,0x00000000e1900000,0x00000000e3080000)
  from space 3584K, 79% used [0x00000000e3080000,0x00000000e334c050,0x00000000e3400000)
  to   space 3584K, 0% used [0x00000000e3400000,0x00000000e3400000,0x00000000e3780000)
 ParOldGen       total 62976K, used 72K [0x00000000a4a00000, 0x00000000a8780000, 0x00000000e1900000)
  object space 62976K, 0% used [0x00000000a4a00000,0x00000000a4a12010,0x00000000a8780000)
 Metaspace       used 10588K, capacity 10980K, committed 11264K, reserved 1058816K
  class space    used 1361K, capacity 1501K, committed 1536K, reserved 1048576K
}
Event: 1.893 GC heap before
{Heap before GC invocations=2 (full 0):
 PSYoungGen      total 27648K, used 26928K [0x00000000e1900000, 0x00000000e3780000, 0x0000000100000000)
  eden space 24064K, 100% used [0x00000000e1900000,0x00000000e3080000,0x00000000e3080000)
  from space 3584K, 79% used [0x00000000e3080000,0x00000000e334c050,0x00000000e3400000)
  to   space 3584K, 0% used [0x00000000e3400000,0x00000000e3400000,0x00000000e3780000)
 ParOldGen       total 62976K, used 72K [0x00000000a4a00000, 0x00000000a8780000, 0x00000000e1900000)
  object space 62976K, 0% used [0x00000000a4a00000,0x00000000a4a12010,0x00000000a8780000)
 Metaspace       used 16553K, capacity 17222K, committed 17536K, reserved 1064960K
  class space    used 2464K, capacity 2644K, committed 2688K, reserved 1048576K
Event: 1.906 GC heap after
Heap after GC invocations=2 (full 0):
 PSYoungGen      total 27648K, used 3552K [0x00000000e1900000, 0x00000000e3780000, 0x0000000100000000)
  eden space 24064K, 0% used [0x00000000e1900000,0x00000000e1900000,0x00000000e3080000)
  from space 3584K, 99% used [0x00000000e3400000,0x00000000e3778030,0x00000000e3780000)
  to   space 3584K, 0% used [0x00000000e3080000,0x00000000e3080000,0x00000000e3400000)
 ParOldGen       total 62976K, used 2700K [0x00000000a4a00000, 0x00000000a8780000, 0x00000000e1900000)
  object space 62976K, 4% used [0x00000000a4a00000,0x00000000a4ca3330,0x00000000a8780000)
 Metaspace       used 16553K, capacity 17222K, committed 17536K, reserved 1064960K
  class space    used 2464K, capacity 2644K, committed 2688K, reserved 1048576K
}
Event: 3.548 GC heap before
{Heap before GC invocations=3 (full 0):
 PSYoungGen      total 27648K, used 18486K [0x00000000e1900000, 0x00000000e3780000, 0x0000000100000000)
  eden space 24064K, 62% used [0x00000000e1900000,0x00000000e27959a0,0x00000000e3080000)
  from space 3584K, 99% used [0x00000000e3400000,0x00000000e3778030,0x00000000e3780000)
  to   space 3584K, 0% used [0x00000000e3080000,0x00000000e3080000,0x00000000e3400000)
 ParOldGen       total 62976K, used 2700K [0x00000000a4a00000, 0x00000000a8780000, 0x00000000e1900000)
  object space 62976K, 4% used [0x00000000a4a00000,0x00000000a4ca3330,0x00000000a8780000)
 Metaspace       used 20535K, capacity 21218K, committed 21296K, reserved 1067008K
  class space    used 2890K, capacity 3108K, committed 3120K, reserved 1048576K
Event: 3.556 GC heap after
Heap after GC invocations=3 (full 0):
 PSYoungGen      total 27648K, used 3577K [0x00000000e1900000, 0x00000000e3780000, 0x0000000100000000)
  eden space 24064K, 0% used [0x00000000e1900000,0x00000000e1900000,0x00000000e3080000)
  from space 3584K, 99% used [0x00000000e3080000,0x00000000e33fe428,0x00000000e3400000)
  to   space 3584K, 0% used [0x00000000e3400000,0x00000000e3400000,0x00000000e3780000)
 ParOldGen       total 62976K, used 5272K [0x00000000a4a00000, 0x00000000a8780000, 0x00000000e1900000)
  object space 62976K, 8% used [0x00000000a4a00000,0x00000000a4f260f8,0x00000000a8780000)
 Metaspace       used 20535K, capacity 21218K, committed 21296K, reserved 1067008K
  class space    used 2890K, capacity 3108K, committed 3120K, reserved 1048576K
}
Event: 3.556 GC heap before
{Heap before GC invocations=4 (full 1):
 PSYoungGen      total 27648K, used 3577K [0x00000000e1900000, 0x00000000e3780000, 0x0000000100000000)
  eden space 24064K, 0% used [0x00000000e1900000,0x00000000e1900000,0x00000000e3080000)
  from space 3584K, 99% used [0x00000000e3080000,0x00000000e33fe428,0x00000000e3400000)
  to   space 3584K, 0% used [0x00000000e3400000,0x00000000e3400000,0x00000000e3780000)
 ParOldGen       total 62976K, used 5272K [0x00000000a4a00000, 0x00000000a8780000, 0x00000000e1900000)
  object space 62976K, 8% used [0x00000000a4a00000,0x00000000a4f260f8,0x00000000a8780000)
 Metaspace       used 20535K, capacity 21218K, committed 21296K, reserved 1067008K
  class space    used 2890K, capacity 3108K, committed 3120K, reserved 1048576K
Event: 3.617 GC heap after
Heap after GC invocations=4 (full 1):
 PSYoungGen      total 27648K, used 0K [0x00000000e1900000, 0x00000000e3780000, 0x0000000100000000)
  eden space 24064K, 0% used [0x00000000e1900000,0x00000000e1900000,0x00000000e3080000)
  from space 3584K, 0% used [0x00000000e3080000,0x00000000e3080000,0x00000000e3400000)
  to   space 3584K, 0% used [0x00000000e3400000,0x00000000e3400000,0x00000000e3780000)
 ParOldGen       total 54272K, used 8443K [0x00000000a4a00000, 0x00000000a7f00000, 0x00000000e1900000)
  object space 54272K, 15% used [0x00000000a4a00000,0x00000000a523eff0,0x00000000a7f00000)
 Metaspace       used 20535K, capacity 21218K, committed 21296K, reserved 1067008K
  class space    used 2890K, capacity 3108K, committed 3120K, reserved 1048576K
}
Event: 3.994 GC heap before
{Heap before GC invocations=5 (full 1):
 PSYoungGen      total 27648K, used 24064K [0x00000000e1900000, 0x00000000e3780000, 0x0000000100000000)
  eden space 24064K, 100% used [0x00000000e1900000,0x00000000e3080000,0x00000000e3080000)
  from space 3584K, 0% used [0x00000000e3080000,0x00000000e3080000,0x00000000e3400000)
  to   space 3584K, 0% used [0x00000000e3400000,0x00000000e3400000,0x00000000e3780000)
 ParOldGen       total 54272K, used 8443K [0x00000000a4a00000, 0x00000000a7f00000, 0x00000000e1900000)
  object space 54272K, 15% used [0x00000000a4a00000,0x00000000a523eff0,0x00000000a7f00000)
 Metaspace       used 22112K, capacity 22978K, committed 23216K, reserved 1069056K
  class space    used 3172K, capacity 3378K, committed 3504K, reserved 1048576K
Event: 3.997 GC heap after
Heap after GC invocations=5 (full 1):
 PSYoungGen      total 27648K, used 1152K [0x00000000e1900000, 0x00000000e3e80000, 0x0000000100000000)
  eden space 24064K, 0% used [0x00000000e1900000,0x00000000e1900000,0x00000000e3080000)
  from space 3584K, 32% used [0x00000000e3400000,0x00000000e3520000,0x00000000e3780000)
  to   space 3584K, 0% used [0x00000000e3080000,0x00000000e3080000,0x00000000e3400000)
 ParOldGen       total 54272K, used 8451K [0x00000000a4a00000, 0x00000000a7f00000, 0x00000000e1900000)
  object space 54272K, 15% used [0x00000000a4a00000,0x00000000a5240ff0,0x00000000a7f00000)
 Metaspace       used 22112K, capacity 22978K, committed 23216K, reserved 1069056K
  class space    used 3172K, capacity 3378K, committed 3504K, reserved 1048576K
}

