# JRE version: Java(TM) SE Runtime Environment (8.0_131-b11) (build 1.8.0_131-b11)
# Java VM: Java HotSpot(TM) 64-Bit Server VM (25.131-b11 mixed mode linux-amd64 compressed oops)
Heap:
 PSYoungGen      total 27648K, used 17469K [0x00000000e1900000, 0x00000000e4180000, 0x0000000100000000)
  eden space 24064K, 67% used [0x00000000e1900000,0x00000000e28e7450,0x00000000e3080000)
  from space 3584K, 33% used [0x00000000e3400000,0x00000000e3528000,0x00000000e3780000)
  to   space 3584K, 0% used [0x00000000e3080000,0x00000000e3080000,0x00000000e3400000)
 ParOldGen       total 51712K, used 8459K [0x00000000a4a00000, 0x00000000a7c80000, 0x00000000e1900000)
  object space 51712K, 16% used [0x00000000a4a00000,0x00000000a5242e90,0x00000000a7c80000)
 Metaspace       used 24101K, capacity 25412K, committed 25648K, reserved 1071104K
  class space    used 3516K, capacity 3795K, committed 3888K, reserved 1048576K
GC Heap History (10 events):
Event: 0.923 GC heap before
{Heap before GC invocations=1 (full 0):
 PSYoungGen      total 27648K, used 24064K [0x00000000e1900000, 0x00000000e3780000, 0x0000000100000000)
  eden space 24064K, 100% used [0x00000000e1900000,0x00000000e3080000,0x00000000e3080000)
  from space 3584K, 0% used [0x00000000e3400000,0x00000000e3400000,0x00000000e3780000)
  to   space 3584K, 0% used [0x00000000e3080000,0x00000000e3080000,0x00000000e3400000)
 ParOldGen       total 62976K, used 0K [0x00000000a4a00000, 0x00000000a8780000, 0x00000000e1900000)
  object space 62976K, 0% used [0x00000000a4a00000,0x00000000a4a00000,0x00000000a8780000)
 Metaspace       used 10587K, capacity 10980K, committed 11264K, reserved 1058816K
  class space    used 1361K, capacity 1501K, committed 1536K, reserved 1048576K
Event: 0.930 GC heap after
Heap after GC invocations=1 (full 0):
 PSYoungGen      total 27648K, used 2848K [0x00000000e1900000, 0x00000000e3780000, 0x0000000100000000)
  eden space 24064K, 0% used [0x00000000e1900000,0x00000000e1900000,0x00000000e3080000)
  from space 3584K, 79% used [0x00000000e3080000,0x00000000e3348060,0x00000000e3400000)
  to   space 3584K, 0% used [0x00000000e3400000,0x00000000e3400000,0x00000000e3780000)
 ParOldGen       total 62976K, used 72K [0x00000000a4a00000, 0x00000000a8780000, 0x00000000e1900000)
  object space 62976K, 0% used [0x00000000a4a00000,0x00000000a4a12010,0x00000000a8780000)
 Metaspace       used 10587K, capacity 10980K, committed 11264K, reserved 1058816K
  class space    used 1361K, capacity 1501K, committed 1536K, reserved 1048576K
}
Event: 1.942 GC heap before
{Heap before GC invocations=2 (full 0):
 PSYoungGen      total 27648K, used 26912K [0x00000000e1900000, 0x00000000e3780000, 0x0000000100000000)
  eden space 24064K, 100% used [0x00000000e1900000,0x00000000e3080000,0x00000000e3080000)
  from space 3584K, 79% used [0x00000000e3080000,0x00000000e3348060,0x00000000e3400000)
  to   space 3584K, 0% used [0x00000000e3400000,0x00000000e3400000,0x00000000e3780000)
 ParOldGen       total 62976K, used 72K [0x00000000a4a00000, 0x00000000a8780000, 0x00000000e1900000)
  object space 62976K, 0% used [0x00000000a4a00000,0x00000000a4a12010,0x00000000a8780000)
 Metaspace       used 16545K, capacity 17220K, committed 17536K, reserved 1064960K
  class space    used 2462K, capacity 2643K, committed 2688K, reserved 1048576K
Event: 1.952 GC heap after
Heap after GC invocations=2 (full 0):
 PSYoungGen      total 27648K, used 3554K [0x00000000e1900000, 0x00000000e3780000, 0x0000000100000000)
  eden space 24064K, 0% used [0x00000000e1900000,0x00000000e1900000,0x00000000e3080000)
  from space 3584K, 99% used [0x00000000e3400000,0x00000000e3778aa0,0x00000000e3780000)
  to   space 3584K, 0% used [0x00000000e3080000,0x00000000e3080000,0x00000000e3400000)
 ParOldGen       total 62976K, used 2643K [0x00000000a4a00000, 0x00000000a8780000, 0x00000000e1900000)
  object space 62976K, 4% used [0x00000000a4a00000,0x00000000a4c94f00,0x00000000a8780000)
 Metaspace       used 16545K, capacity 17220K, committed 17536K, reserved 1064960K
  class space    used 2462K, capacity 2643K, committed 2688K, reserved 1048576K
}
Event: 3.918 GC heap before
{Heap before GC invocations=3 (full 0):
 PSYoungGen      total 27648K, used 18211K [0x00000000e1900000, 0x00000000e3780000, 0x0000000100000000)
  eden space 24064K, 60% used [0x00000000e1900000,0x00000000e2750520,0x00000000e3080000)
  from space 3584K, 99% used [0x00000000e3400000,0x00000000e3778aa0,0x00000000e3780000)
  to   space 3584K, 0% used [0x00000000e3080000,0x00000000e3080000,0x00000000e3400000)
 ParOldGen       total 62976K, used 2643K [0x00000000a4a00000, 0x00000000a8780000, 0x00000000e1900000)
  object space 62976K, 4% used [0x00000000a4a00000,0x00000000a4c94f00,0x00000000a8780000)
 Metaspace       used 20554K, capacity 21218K, committed 21296K, reserved 1067008K
  class space    used 2891K, capacity 3108K, committed 3120K, reserved 1048576K
Event: 3.932 GC heap after
Heap after GC invocations=3 (full 0):
 PSYoungGen      total 27648K, used 3568K [0x00000000e1900000, 0x00000000e3780000, 0x0000000100000000)
  eden space 24064K, 0% used [0x00000000e1900000,0x00000000e1900000,0x00000000e3080000)
  from space 3584K, 99% used [0x00000000e3080000,0x00000000e33fc040,0x00000000e3400000)
  to   space 3584K, 0% used [0x00000000e3400000,0x00000000e3400000,0x00000000e3780000)
 ParOldGen       total 62976K, used 5284K [0x00000000a4a00000, 0x00000000a8780000, 0x00000000e1900000)
  object space 62976K, 8% used [0x00000000a4a00000,0x00000000a4f292b0,0x00000000a8780000)
 Metaspace       used 20554K, capacity 21218K, committed 21296K, reserved 1067008K
  class space    used 2891K, capacity 3108K, committed 3120K, reserved 1048576K
}
Event: 3.932 GC heap before
{Heap before GC invocations=4 (full 1):
 PSYoungGen      total 27648K, used 3568K [0x00000000e1900000, 0x00000000e3780000, 0x0000000100000000)
  eden space 24064K, 0% used [0x00000000e1900000,0x00000000e1900000,0x00000000e3080000)
  from space 3584K, 99% used [0x00000000e3080000,0x00000000e33fc040,0x00000000e3400000)
  to   space 3584K, 0% used [0x00000000e3400000,0x00000000e3400000,0x00000000e3780000)
 ParOldGen       total 62976K, used 5284K [0x00000000a4a00000, 0x00000000a8780000, 0x00000000e1900000)
  object space 62976K, 8% used [0x00000000a4a00000,0x00000000a4f292b0,0x00000000a8780000)
 Metaspace       used 20554K, capacity 21218K, committed 21296K, reserved 1067008K
  class space    used 2891K, capacity 3108K, committed 3120K, reserved 1048576K
Event: 3.981 GC heap after
Heap after GC invocations=4 (full 1):
 PSYoungGen      total 27648K, used 0K [0x00000000e1900000, 0x00000000e3780000, 0x0000000100000000)
  eden space 24064K, 0% used [0x00000000e1900000,0x00000000e1900000,0x00000000e3080000)
  from space 3584K, 0% used [0x00000000e3080000,0x00000000e3080000,0x00000000e3400000)
  to   space 3584K, 0% used [0x00000000e3400000,0x00000000e3400000,0x00000000e3780000)
 ParOldGen       total 51712K, used 8451K [0x00000000a4a00000, 0x00000000a7c80000, 0x00000000e1900000)
  object space 51712K, 16% used [0x00000000a4a00000,0x00000000a5240e90,0x00000000a7c80000)
 Metaspace       used 20554K, capacity 21218K, committed 21296K, reserved 1067008K
  class space    used 2891K, capacity 3108K, committed 3120K, reserved 1048576K
}
Event: 4.390 GC heap before
{Heap before GC invocations=5 (full 1):
 PSYoungGen      total 27648K, used 24064K [0x00000000e1900000, 0x00000000e3780000, 0x0000000100000000)
  eden space 24064K, 100% used [0x00000000e1900000,0x00000000e3080000,0x00000000e3080000)
  from space 3584K, 0% used [0x00000000e3080000,0x00000000e3080000,0x00000000e3400000)
  to   space 3584K, 0% used [0x00000000e3400000,0x00000000e3400000,0x00000000e3780000)
 ParOldGen       total 51712K, used 8451K [0x00000000a4a00000, 0x00000000a7c80000, 0x00000000e1900000)
  object space 51712K, 16% used [0x00000000a4a00000,0x00000000a5240e90,0x00000000a7c80000)
 Metaspace       used 22112K, capacity 22914K, committed 23216K, reserved 1069056K
  class space    used 3173K, capacity 3378K, committed 3504K, reserved 1048576K
Event: 4.395 GC heap after
Heap after GC invocations=5 (full 1):
 PSYoungGen      total 27648K, used 1184K [0x00000000e1900000, 0x00000000e4180000, 0x0000000100000000)
  eden space 24064K, 0% used [0x00000000e1900000,0x00000000e1900000,0x00000000e3080000)
  from space 3584K, 33% used [0x00000000e3400000,0x00000000e3528000,0x00000000e3780000)
  to   space 3584K, 0% used [0x00000000e3080000,0x00000000e3080000,0x00000000e3400000)
 ParOldGen       total 51712K, used 8459K [0x00000000a4a00000, 0x00000000a7c80000, 0x00000000e1900000)
  object space 51712K, 16% used [0x00000000a4a00000,0x00000000a5242e90,0x00000000a7c80000)
 Metaspace       used 22112K, capacity 22914K, committed 23216K, reserved 1069056K
  class space    used 3173K, capacity 3378K, committed 3504K, reserved 1048576K
}

