# JRE version: Java(TM) SE Runtime Environment (8.0_131-b11) (build 1.8.0_131-b11)
# Java VM: Java HotSpot(TM) 64-Bit Server VM (25.131-b11 mixed mode linux-amd64 compressed oops)
Heap:
 PSYoungGen      total 27648K, used 17251K [0x00000000e1900000, 0x00000000e3f80000, 0x0000000100000000)
  eden space 24064K, 66% used [0x00000000e1900000,0x00000000e28b0f58,0x00000000e3080000)
  from space 3584K, 33% used [0x00000000e3400000,0x00000000e3528000,0x00000000e3780000)
  to   space 3584K, 0% used [0x00000000e3080000,0x00000000e3080000,0x00000000e3400000)
 ParOldGen       total 52736K, used 8466K [0x00000000a4a00000, 0x00000000a7d80000, 0x00000000e1900000)
  object space 52736K, 16% used [0x00000000a4a00000,0x00000000a5244b90,0x00000000a7d80000)
 Metaspace       used 24093K, capacity 25412K, committed 25648K, reserved 1071104K
  class space    used 3516K, capacity 3795K, committed 3888K, reserved 1048576K
GC Heap History (10 events):
Event: 0.859 GC heap before
{Heap before GC invocations=1 (full 0):
 PSYoungGen      total 27648K, used 24064K [0x00000000e1900000, 0x00000000e3780000, 0x0000000100000000)
  eden space 24064K, 100% used [0x00000000e1900000,0x00000000e3080000,0x00000000e3080000)
  from space 3584K, 0% used [0x00000000e3400000,0x00000000e3400000,0x00000000e3780000)
  to   space 3584K, 0% used [0x00000000e3080000,0x00000000e3080000,0x00000000e3400000)
 ParOldGen       total 62976K, used 0K [0x00000000a4a00000, 0x00000000a8780000, 0x00000000e1900000)
  object space 62976K, 0% used [0x00000000a4a00000,0x00000000a4a00000,0x00000000a8780000)
 Metaspace       used 10585K, capacity 10980K, committed 11264K, reserved 1058816K
  class space    used 1361K, capacity 1501K, committed 1536K, reserved 1048576K
Event: 0.863 GC heap after
Heap after GC invocations=1 (full 0):
 PSYoungGen      total 27648K, used 2896K [0x00000000e1900000, 0x00000000e3780000, 0x0000000100000000)
  eden space 24064K, 0% used [0x00000000e1900000,0x00000000e1900000,0x00000000e3080000)
  from space 3584K, 80% used [0x00000000e3080000,0x00000000e3354050,0x00000000e3400000)
  to   space 3584K, 0% used [0x00000000e3400000,0x00000000e3400000,0x00000000e3780000)
 ParOldGen       total 62976K, used 80K [0x00000000a4a00000, 0x00000000a8780000, 0x00000000e1900000)
  object space 62976K, 0% used [0x00000000a4a00000,0x00000000a4a14010,0x00000000a8780000)
 Metaspace       used 10585K, capacity 10980K, committed 11264K, reserved 1058816K
  class space    used 1361K, capacity 1501K, committed 1536K, reserved 1048576K
}
Event: 1.898 GC heap before
{Heap before GC invocations=2 (full 0):
 PSYoungGen      total 27648K, used 26960K [0x00000000e1900000, 0x00000000e3780000, 0x0000000100000000)
  eden space 24064K, 100% used [0x00000000e1900000,0x00000000e3080000,0x00000000e3080000)
  from space 3584K, 80% used [0x00000000e3080000,0x00000000e3354050,0x00000000e3400000)
  to   space 3584K, 0% used [0x00000000e3400000,0x00000000e3400000,0x00000000e3780000)
 ParOldGen       total 62976K, used 80K [0x00000000a4a00000, 0x00000000a8780000, 0x00000000e1900000)
  object space 62976K, 0% used [0x00000000a4a00000,0x00000000a4a14010,0x00000000a8780000)
 Metaspace       used 16561K, capacity 17218K, committed 17536K, reserved 1064960K
  class space    used 2465K, capacity 2644K, committed 2688K, reserved 1048576K
Event: 1.918 GC heap after
Heap after GC invocations=2 (full 0):
 PSYoungGen      total 27648K, used 3552K [0x00000000e1900000, 0x00000000e4f00000, 0x0000000100000000)
  eden space 24064K, 0% used [0x00000000e1900000,0x00000000e1900000,0x00000000e3080000)
  from space 3584K, 99% used [0x00000000e3400000,0x00000000e3778050,0x00000000e3780000)
  to   space 3584K, 0% used [0x00000000e3080000,0x00000000e3080000,0x00000000e3400000)
 ParOldGen       total 62976K, used 2676K [0x00000000a4a00000, 0x00000000a8780000, 0x00000000e1900000)
  object space 62976K, 4% used [0x00000000a4a00000,0x00000000a4c9d0a0,0x00000000a8780000)
 Metaspace       used 16561K, capacity 17218K, committed 17536K, reserved 1064960K
  class space    used 2465K, capacity 2644K, committed 2688K, reserved 1048576K
}
Event: 4.007 GC heap before
{Heap before GC invocations=3 (full 0):
 PSYoungGen      total 27648K, used 18554K [0x00000000e1900000, 0x00000000e4f00000, 0x0000000100000000)
  eden space 24064K, 62% used [0x00000000e1900000,0x00000000e27a6988,0x00000000e3080000)
  from space 3584K, 99% used [0x00000000e3400000,0x00000000e3778050,0x00000000e3780000)
  to   space 3584K, 0% used [0x00000000e3080000,0x00000000e3080000,0x00000000e3400000)
 ParOldGen       total 62976K, used 2676K [0x00000000a4a00000, 0x00000000a8780000, 0x00000000e1900000)
  object space 62976K, 4% used [0x00000000a4a00000,0x00000000a4c9d0a0,0x00000000a8780000)
 Metaspace       used 20569K, capacity 21214K, committed 21296K, reserved 1067008K
  class space    used 2892K, capacity 3108K, committed 3120K, reserved 1048576K
Event: 4.018 GC heap after
Heap after GC invocations=3 (full 0):
 PSYoungGen      total 27648K, used 3552K [0x00000000e1900000, 0x00000000e3780000, 0x0000000100000000)
  eden space 24064K, 0% used [0x00000000e1900000,0x00000000e1900000,0x00000000e3080000)
  from space 3584K, 99% used [0x00000000e3080000,0x00000000e33f8030,0x00000000e3400000)
  to   space 3584K, 0% used [0x00000000e3400000,0x00000000e3400000,0x00000000e3780000)
 ParOldGen       total 62976K, used 5285K [0x00000000a4a00000, 0x00000000a8780000, 0x00000000e1900000)
  object space 62976K, 8% used [0x00000000a4a00000,0x00000000a4f296f0,0x00000000a8780000)
 Metaspace       used 20569K, capacity 21214K, committed 21296K, reserved 1067008K
  class space    used 2892K, capacity 3108K, committed 3120K, reserved 1048576K
}
Event: 4.018 GC heap before
{Heap before GC invocations=4 (full 1):
 PSYoungGen      total 27648K, used 3552K [0x00000000e1900000, 0x00000000e3780000, 0x0000000100000000)
  eden space 24064K, 0% used [0x00000000e1900000,0x00000000e1900000,0x00000000e3080000)
  from space 3584K, 99% used [0x00000000e3080000,0x00000000e33f8030,0x00000000e3400000)
  to   space 3584K, 0% used [0x00000000e3400000,0x00000000e3400000,0x00000000e3780000)
 ParOldGen       total 62976K, used 5285K [0x00000000a4a00000, 0x00000000a8780000, 0x00000000e1900000)
  object space 62976K, 8% used [0x00000000a4a00000,0x00000000a4f296f0,0x00000000a8780000)
 Metaspace       used 20569K, capacity 21214K, committed 21296K, reserved 1067008K
  class space    used 2892K, capacity 3108K, committed 3120K, reserved 1048576K
Event: 4.088 GC heap after
Heap after GC invocations=4 (full 1):
 PSYoungGen      total 27648K, used 0K [0x00000000e1900000, 0x00000000e3780000, 0x0000000100000000)
  eden space 24064K, 0% used [0x00000000e1900000,0x00000000e1900000,0x00000000e3080000)
  from space 3584K, 0% used [0x00000000e3080000,0x00000000e3080000,0x00000000e3400000)
  to   space 3584K, 0% used [0x00000000e3400000,0x00000000e3400000,0x00000000e3780000)
 ParOldGen       total 52736K, used 8458K [0x00000000a4a00000, 0x00000000a7d80000, 0x00000000e1900000)
  object space 52736K, 16% used [0x00000000a4a00000,0x00000000a5242b90,0x00000000a7d80000)
 Metaspace       used 20569K, capacity 21214K, committed 21296K, reserved 1067008K
  class space    used 2892K, capacity 3108K, committed 3120K, reserved 1048576K
}
Event: 4.481 GC heap before
{Heap before GC invocations=5 (full 1):
 PSYoungGen      total 27648K, used 24064K [0x00000000e1900000, 0x00000000e3780000, 0x0000000100000000)
  eden space 24064K, 100% used [0x00000000e1900000,0x00000000e3080000,0x00000000e3080000)
  from space 3584K, 0% used [0x00000000e3080000,0x00000000e3080000,0x00000000e3400000)
  to   space 3584K, 0% used [0x00000000e3400000,0x00000000e3400000,0x00000000e3780000)
 ParOldGen       total 52736K, used 8458K [0x00000000a4a00000, 0x00000000a7d80000, 0x00000000e1900000)
  object space 52736K, 16% used [0x00000000a4a00000,0x00000000a5242b90,0x00000000a7d80000)
 Metaspace       used 22137K, capacity 22974K, committed 23216K, reserved 1069056K
  class space    used 3172K, capacity 3378K, committed 3504K, reserved 1048576K
Event: 4.483 GC heap after
Heap after GC invocations=5 (full 1):
 PSYoungGen      total 27648K, used 1184K [0x00000000e1900000, 0x00000000e3f80000, 0x0000000100000000)
  eden space 24064K, 0% used [0x00000000e1900000,0x00000000e1900000,0x00000000e3080000)
  from space 3584K, 33% used [0x00000000e3400000,0x00000000e3528000,0x00000000e3780000)
  to   space 3584K, 0% used [0x00000000e3080000,0x00000000e3080000,0x00000000e3400000)
 ParOldGen       total 52736K, used 8466K [0x00000000a4a00000, 0x00000000a7d80000, 0x00000000e1900000)
  object space 52736K, 16% used [0x00000000a4a00000,0x00000000a5244b90,0x00000000a7d80000)
 Metaspace       used 22137K, capacity 22974K, committed 23216K, reserved 1069056K
  class space    used 3172K, capacity 3378K, committed 3504K, reserved 1048576K
}

