# JRE version: Java(TM) SE Runtime Environment (8.0_131-b11) (build 1.8.0_131-b11)
# Java VM: Java HotSpot(TM) 64-Bit Server VM (25.131-b11 mixed mode linux-amd64 compressed oops)
Heap:
 PSYoungGen      total 27648K, used 18054K [0x00000000e1900000, 0x00000000e4180000, 0x0000000100000000)
  eden space 24064K, 69% used [0x00000000e1900000,0x00000000e2964750,0x00000000e3080000)
  from space 3584K, 35% used [0x00000000e3400000,0x00000000e353d270,0x00000000e3780000)
  to   space 3584K, 0% used [0x00000000e3080000,0x00000000e3080000,0x00000000e3400000)
 ParOldGen       total 50176K, used 8641K [0x00000000a4a00000, 0x00000000a7b00000, 0x00000000e1900000)
  object space 50176K, 17% used [0x00000000a4a00000,0x00000000a52706e8,0x00000000a7b00000)
 Metaspace       used 24162K, capacity 25482K, committed 25600K, reserved 1071104K
  class space    used 3520K, capacity 3796K, committed 3840K, reserved 1048576K
GC Heap History (10 events):
Event: 0.903 GC heap before
{Heap before GC invocations=1 (full 0):
 PSYoungGen      total 27648K, used 24064K [0x00000000e1900000, 0x00000000e3780000, 0x0000000100000000)
  eden space 24064K, 100% used [0x00000000e1900000,0x00000000e3080000,0x00000000e3080000)
  from space 3584K, 0% used [0x00000000e3400000,0x00000000e3400000,0x00000000e3780000)
  to   space 3584K, 0% used [0x00000000e3080000,0x00000000e3080000,0x00000000e3400000)
 ParOldGen       total 62976K, used 0K [0x00000000a4a00000, 0x00000000a8780000, 0x00000000e1900000)
  object space 62976K, 0% used [0x00000000a4a00000,0x00000000a4a00000,0x00000000a8780000)
 Metaspace       used 10573K, capacity 10980K, committed 11264K, reserved 1058816K
  class space    used 1360K, capacity 1501K, committed 1536K, reserved 1048576K
Event: 0.909 GC heap after
Heap after GC invocations=1 (full 0):
 PSYoungGen      total 27648K, used 2848K [0x00000000e1900000, 0x00000000e3780000, 0x0000000100000000)
  eden space 24064K, 0% used [0x00000000e1900000,0x00000000e1900000,0x00000000e3080000)
  from space 3584K, 79% used [0x00000000e3080000,0x00000000e3348060,0x00000000e3400000)
  to   space 3584K, 0% used [0x00000000e3400000,0x00000000e3400000,0x00000000e3780000)
 ParOldGen       total 62976K, used 72K [0x00000000a4a00000, 0x00000000a8780000, 0x00000000e1900000)
  object space 62976K, 0% used [0x00000000a4a00000,0x00000000a4a12010,0x00000000a8780000)
 Metaspace       used 10573K, capacity 10980K, committed 11264K, reserved 1058816K
  class space    used 1360K, capacity 1501K, committed 1536K, reserved 1048576K
}
Event: 1.909 GC heap before
{Heap before GC invocations=2 (full 0):
 PSYoungGen      total 27648K, used 26912K [0x00000000e1900000, 0x00000000e3780000, 0x0000000100000000)
  eden space 24064K, 100% used [0x00000000e1900000,0x00000000e3080000,0x00000000e3080000)
  from space 3584K, 79% used [0x00000000e3080000,0x00000000e3348060,0x00000000e3400000)
  to   space 3584K, 0% used [0x00000000e3400000,0x00000000e3400000,0x00000000e3780000)
 ParOldGen       total 62976K, used 72K [0x00000000a4a00000, 0x00000000a8780000, 0x00000000e1900000)
  object space 62976K, 0% used [0x00000000a4a00000,0x00000000a4a12010,0x00000000a8780000)
 Metaspace       used 16578K, capacity 17234K, committed 17536K, reserved 1064960K
  class space    used 2468K, capacity 2646K, committed 2688K, reserved 1048576K
Event: 1.927 GC heap after
Heap after GC invocations=2 (full 0):
 PSYoungGen      total 27648K, used 3552K [0x00000000e1900000, 0x00000000e4f00000, 0x0000000100000000)
  eden space 24064K, 0% used [0x00000000e1900000,0x00000000e1900000,0x00000000e3080000)
  from space 3584K, 99% used [0x00000000e3400000,0x00000000e3778050,0x00000000e3780000)
  to   space 3584K, 0% used [0x00000000e3080000,0x00000000e3080000,0x00000000e3400000)
 ParOldGen       total 62976K, used 2661K [0x00000000a4a00000, 0x00000000a8780000, 0x00000000e1900000)
  object space 62976K, 4% used [0x00000000a4a00000,0x00000000a4c997d8,0x00000000a8780000)
 Metaspace       used 16578K, capacity 17234K, committed 17536K, reserved 1064960K
  class space    used 2468K, capacity 2646K, committed 2688K, reserved 1048576K
}
Event: 4.782 GC heap before
{Heap before GC invocations=3 (full 0):
 PSYoungGen      total 27648K, used 17488K [0x00000000e1900000, 0x00000000e4f00000, 0x0000000100000000)
  eden space 24064K, 57% used [0x00000000e1900000,0x00000000e269c358,0x00000000e3080000)
  from space 3584K, 99% used [0x00000000e3400000,0x00000000e3778050,0x00000000e3780000)
  to   space 3584K, 0% used [0x00000000e3080000,0x00000000e3080000,0x00000000e3400000)
 ParOldGen       total 62976K, used 2661K [0x00000000a4a00000, 0x00000000a8780000, 0x00000000e1900000)
  object space 62976K, 4% used [0x00000000a4a00000,0x00000000a4c997d8,0x00000000a8780000)
 Metaspace       used 20494K, capacity 21166K, committed 21248K, reserved 1067008K
  class space    used 2877K, capacity 3072K, committed 3072K, reserved 1048576K
Event: 4.789 GC heap after
Heap after GC invocations=3 (full 0):
 PSYoungGen      total 27648K, used 3577K [0x00000000e1900000, 0x00000000e3780000, 0x0000000100000000)
  eden space 24064K, 0% used [0x00000000e1900000,0x00000000e1900000,0x00000000e3080000)
  from space 3584K, 99% used [0x00000000e3080000,0x00000000e33fe468,0x00000000e3400000)
  to   space 3584K, 0% used [0x00000000e3400000,0x00000000e3400000,0x00000000e3780000)
 ParOldGen       total 62976K, used 5221K [0x00000000a4a00000, 0x00000000a8780000, 0x00000000e1900000)
  object space 62976K, 8% used [0x00000000a4a00000,0x00000000a4f197f0,0x00000000a8780000)
 Metaspace       used 20494K, capacity 21166K, committed 21248K, reserved 1067008K
  class space    used 2877K, capacity 3072K, committed 3072K, reserved 1048576K
}
Event: 4.789 GC heap before
{Heap before GC invocations=4 (full 1):
 PSYoungGen      total 27648K, used 3577K [0x00000000e1900000, 0x00000000e3780000, 0x0000000100000000)
  eden space 24064K, 0% used [0x00000000e1900000,0x00000000e1900000,0x00000000e3080000)
  from space 3584K, 99% used [0x00000000e3080000,0x00000000e33fe468,0x00000000e3400000)
  to   space 3584K, 0% used [0x00000000e3400000,0x00000000e3400000,0x00000000e3780000)
 ParOldGen       total 62976K, used 5221K [0x00000000a4a00000, 0x00000000a8780000, 0x00000000e1900000)
  object space 62976K, 8% used [0x00000000a4a00000,0x00000000a4f197f0,0x00000000a8780000)
 Metaspace       used 20494K, capacity 21166K, committed 21248K, reserved 1067008K
  class space    used 2877K, capacity 3072K, committed 3072K, reserved 1048576K
Event: 4.841 GC heap after
Heap after GC invocations=4 (full 1):
 PSYoungGen      total 27648K, used 0K [0x00000000e1900000, 0x00000000e3780000, 0x0000000100000000)
  eden space 24064K, 0% used [0x00000000e1900000,0x00000000e1900000,0x00000000e3080000)
  from space 3584K, 0% used [0x00000000e3080000,0x00000000e3080000,0x00000000e3400000)
  to   space 3584K, 0% used [0x00000000e3400000,0x00000000e3400000,0x00000000e3780000)
 ParOldGen       total 50176K, used 8633K [0x00000000a4a00000, 0x00000000a7b00000, 0x00000000e1900000)
  object space 50176K, 17% used [0x00000000a4a00000,0x00000000a526e6e8,0x00000000a7b00000)
 Metaspace       used 20494K, capacity 21166K, committed 21248K, reserved 1067008K
  class space    used 2877K, capacity 3072K, committed 3072K, reserved 1048576K
}
Event: 5.242 GC heap before
{Heap before GC invocations=5 (full 1):
 PSYoungGen      total 27648K, used 24064K [0x00000000e1900000, 0x00000000e3780000, 0x0000000100000000)
  eden space 24064K, 100% used [0x00000000e1900000,0x00000000e3080000,0x00000000e3080000)
  from space 3584K, 0% used [0x00000000e3080000,0x00000000e3080000,0x00000000e3400000)
  to   space 3584K, 0% used [0x00000000e3400000,0x00000000e3400000,0x00000000e3780000)
 ParOldGen       total 50176K, used 8633K [0x00000000a4a00000, 0x00000000a7b00000, 0x00000000e1900000)
  object space 50176K, 17% used [0x00000000a4a00000,0x00000000a526e6e8,0x00000000a7b00000)
 Metaspace       used 22197K, capacity 23036K, committed 23168K, reserved 1069056K
  class space    used 3173K, capacity 3377K, committed 3456K, reserved 1048576K
Event: 5.245 GC heap after
Heap after GC invocations=5 (full 1):
 PSYoungGen      total 27648K, used 1268K [0x00000000e1900000, 0x00000000e4180000, 0x0000000100000000)
  eden space 24064K, 0% used [0x00000000e1900000,0x00000000e1900000,0x00000000e3080000)
  from space 3584K, 35% used [0x00000000e3400000,0x00000000e353d270,0x00000000e3780000)
  to   space 3584K, 0% used [0x00000000e3080000,0x00000000e3080000,0x00000000e3400000)
 ParOldGen       total 50176K, used 8641K [0x00000000a4a00000, 0x00000000a7b00000, 0x00000000e1900000)
  object space 50176K, 17% used [0x00000000a4a00000,0x00000000a52706e8,0x00000000a7b00000)
 Metaspace       used 22197K, capacity 23036K, committed 23168K, reserved 1069056K
  class space    used 3173K, capacity 3377K, committed 3456K, reserved 1048576K
}

