# JRE version: Java(TM) SE Runtime Environment (8.0_131-b11) (build 1.8.0_131-b11)
# Java VM: Java HotSpot(TM) 64-Bit Server VM (25.131-b11 mixed mode linux-amd64 compressed oops)
Heap:
 PSYoungGen      total 51712K, used 40410K [0x00000000e1900000, 0x00000000e7e00000, 0x0000000100000000)
  eden space 48128K, 83% used [0x00000000e1900000,0x00000000e4076a20,0x00000000e4800000)
  from space 3584K, 0% used [0x00000000e4800000,0x00000000e4800000,0x00000000e4b80000)
  to   space 3584K, 0% used [0x00000000e7a80000,0x00000000e7a80000,0x00000000e7e00000)
 ParOldGen       total 50176K, used 8448K [0x00000000a4a00000, 0x00000000a7b00000, 0x00000000e1900000)
  object space 50176K, 16% used [0x00000000a4a00000,0x00000000a5240280,0x00000000a7b00000)
 Metaspace       used 24108K, capacity 25476K, committed 25648K, reserved 1071104K
  class space    used 3516K, capacity 3795K, committed 3888K, reserved 1048576K
GC Heap History (8 events):
Event: 0.864 GC heap before
{Heap before GC invocations=1 (full 0):
 PSYoungGen      total 27648K, used 24064K [0x00000000e1900000, 0x00000000e3780000, 0x0000000100000000)
  eden space 24064K, 100% used [0x00000000e1900000,0x00000000e3080000,0x00000000e3080000)
  from space 3584K, 0% used [0x00000000e3400000,0x00000000e3400000,0x00000000e3780000)
  to   space 3584K, 0% used [0x00000000e3080000,0x00000000e3080000,0x00000000e3400000)
 ParOldGen       total 62976K, used 0K [0x00000000a4a00000, 0x00000000a8780000, 0x00000000e1900000)
  object space 62976K, 0% used [0x00000000a4a00000,0x00000000a4a00000,0x00000000a8780000)
 Metaspace       used 10583K, capacity 10980K, committed 11264K, reserved 1058816K
  class space    used 1360K, capacity 1501K, committed 1536K, reserved 1048576K
Event: 0.873 GC heap after
Heap after GC invocations=1 (full 0):
 PSYoungGen      total 27648K, used 2880K [0x00000000e1900000, 0x00000000e4f00000, 0x0000000100000000)
  eden space 24064K, 0% used [0x00000000e1900000,0x00000000e1900000,0x00000000e3080000)
  from space 3584K, 80% used [0x00000000e3080000,0x00000000e3350040,0x00000000e3400000)
  to   space 3584K, 0% used [0x00000000e4b80000,0x00000000e4b80000,0x00000000e4f00000)
 ParOldGen       total 62976K, used 72K [0x00000000a4a00000, 0x00000000a8780000, 0x00000000e1900000)
  object space 62976K, 0% used [0x00000000a4a00000,0x00000000a4a12010,0x00000000a8780000)
 Metaspace       used 10583K, capacity 10980K, committed 11264K, reserved 1058816K
  class space    used 1360K, capacity 1501K, committed 1536K, reserved 1048576K
}
Event: 1.911 GC heap before
{Heap before GC invocations=2 (full 0):
 PSYoungGen      total 27648K, used 26944K [0x00000000e1900000, 0x00000000e4f00000, 0x0000000100000000)
  eden space 24064K, 100% used [0x00000000e1900000,0x00000000e3080000,0x00000000e3080000)
  from space 3584K, 80% used [0x00000000e3080000,0x00000000e3350040,0x00000000e3400000)
  to   space 3584K, 0% used [0x00000000e4b80000,0x00000000e4b80000,0x00000000e4f00000)
 ParOldGen       total 62976K, used 72K [0x00000000a4a00000, 0x00000000a8780000, 0x00000000e1900000)
  object space 62976K, 0% used [0x00000000a4a00000,0x00000000a4a12010,0x00000000a8780000)
 Metaspace       used 16544K, capacity 17222K, committed 17536K, reserved 1064960K
  class space    used 2464K, capacity 2644K, committed 2688K, reserved 1048576K
Event: 1.933 GC heap after
Heap after GC invocations=2 (full 0):
 PSYoungGen      total 51712K, used 3552K [0x00000000e1900000, 0x00000000e4f00000, 0x0000000100000000)
  eden space 48128K, 0% used [0x00000000e1900000,0x00000000e1900000,0x00000000e4800000)
  from space 3584K, 99% used [0x00000000e4b80000,0x00000000e4ef8050,0x00000000e4f00000)
  to   space 3584K, 0% used [0x00000000e4800000,0x00000000e4800000,0x00000000e4b80000)
 ParOldGen       total 62976K, used 2650K [0x00000000a4a00000, 0x00000000a8780000, 0x00000000e1900000)
  object space 62976K, 4% used [0x00000000a4a00000,0x00000000a4c96908,0x00000000a8780000)
 Metaspace       used 16544K, capacity 17222K, committed 17536K, reserved 1064960K
  class space    used 2464K, capacity 2644K, committed 2688K, reserved 1048576K
}
Event: 4.840 GC heap before
{Heap before GC invocations=3 (full 0):
 PSYoungGen      total 51712K, used 18665K [0x00000000e1900000, 0x00000000e4f00000, 0x0000000100000000)
  eden space 48128K, 31% used [0x00000000e1900000,0x00000000e27c26a8,0x00000000e4800000)
  from space 3584K, 99% used [0x00000000e4b80000,0x00000000e4ef8050,0x00000000e4f00000)
  to   space 3584K, 0% used [0x00000000e4800000,0x00000000e4800000,0x00000000e4b80000)
 ParOldGen       total 62976K, used 2650K [0x00000000a4a00000, 0x00000000a8780000, 0x00000000e1900000)
  object space 62976K, 4% used [0x00000000a4a00000,0x00000000a4c96908,0x00000000a8780000)
 Metaspace       used 20554K, capacity 21214K, committed 21296K, reserved 1067008K
  class space    used 2890K, capacity 3108K, committed 3120K, reserved 1048576K
Event: 4.852 GC heap after
Heap after GC invocations=3 (full 0):
 PSYoungGen      total 51712K, used 3577K [0x00000000e1900000, 0x00000000e7e00000, 0x0000000100000000)
  eden space 48128K, 0% used [0x00000000e1900000,0x00000000e1900000,0x00000000e4800000)
  from space 3584K, 99% used [0x00000000e4800000,0x00000000e4b7e468,0x00000000e4b80000)
  to   space 3584K, 0% used [0x00000000e7a80000,0x00000000e7a80000,0x00000000e7e00000)
 ParOldGen       total 62976K, used 5272K [0x00000000a4a00000, 0x00000000a8780000, 0x00000000e1900000)
  object space 62976K, 8% used [0x00000000a4a00000,0x00000000a4f26370,0x00000000a8780000)
 Metaspace       used 20554K, capacity 21214K, committed 21296K, reserved 1067008K
  class space    used 2890K, capacity 3108K, committed 3120K, reserved 1048576K
}
Event: 4.852 GC heap before
{Heap before GC invocations=4 (full 1):
 PSYoungGen      total 51712K, used 3577K [0x00000000e1900000, 0x00000000e7e00000, 0x0000000100000000)
  eden space 48128K, 0% used [0x00000000e1900000,0x00000000e1900000,0x00000000e4800000)
  from space 3584K, 99% used [0x00000000e4800000,0x00000000e4b7e468,0x00000000e4b80000)
  to   space 3584K, 0% used [0x00000000e7a80000,0x00000000e7a80000,0x00000000e7e00000)
 ParOldGen       total 62976K, used 5272K [0x00000000a4a00000, 0x00000000a8780000, 0x00000000e1900000)
  object space 62976K, 8% used [0x00000000a4a00000,0x00000000a4f26370,0x00000000a8780000)
 Metaspace       used 20554K, capacity 21214K, committed 21296K, reserved 1067008K
  class space    used 2890K, capacity 3108K, committed 3120K, reserved 1048576K
Event: 4.918 GC heap after
Heap after GC invocations=4 (full 1):
 PSYoungGen      total 51712K, used 0K [0x00000000e1900000, 0x00000000e7e00000, 0x0000000100000000)
  eden space 48128K, 0% used [0x00000000e1900000,0x00000000e1900000,0x00000000e4800000)
  from space 3584K, 0% used [0x00000000e4800000,0x00000000e4800000,0x00000000e4b80000)
  to   space 3584K, 0% used [0x00000000e7a80000,0x00000000e7a80000,0x00000000e7e00000)
 ParOldGen       total 50176K, used 8448K [0x00000000a4a00000, 0x00000000a7b00000, 0x00000000e1900000)
  object space 50176K, 16% used [0x00000000a4a00000,0x00000000a5240280,0x00000000a7b00000)
 Metaspace       used 20554K, capacity 21214K, committed 21296K, reserved 1067008K
  class space    used 2890K, capacity 3108K, committed 3120K, reserved 1048576K
}

