# JRE version: Java(TM) SE Runtime Environment (8.0_131-b11) (build 1.8.0_131-b11)
# Java VM: Java HotSpot(TM) 64-Bit Server VM (25.131-b11 mixed mode linux-amd64 compressed oops)
Heap:
 PSYoungGen      total 34304K, used 17327K [0x00000000e1900000, 0x00000000e4d00000, 0x0000000100000000)
  eden space 32768K, 49% used [0x00000000e1900000,0x00000000e28dbeb8,0x00000000e3900000)
  from space 1536K, 70% used [0x00000000e4b80000,0x00000000e4c90000,0x00000000e4d00000)
  to   space 3584K, 0% used [0x00000000e4600000,0x00000000e4600000,0x00000000e4980000)
 ParOldGen       total 52224K, used 8529K [0x00000000a4a00000, 0x00000000a7d00000, 0x00000000e1900000)
  object space 52224K, 16% used [0x00000000a4a00000,0x00000000a52544c0,0x00000000a7d00000)
 Metaspace       used 24081K, capacity 25408K, committed 25648K, reserved 1071104K
  class space    used 3516K, capacity 3795K, committed 3888K, reserved 1048576K
GC Heap History (10 events):
Event: 0.840 GC heap before
{Heap before GC invocations=1 (full 0):
 PSYoungGen      total 27648K, used 24064K [0x00000000e1900000, 0x00000000e3780000, 0x0000000100000000)
  eden space 24064K, 100% used [0x00000000e1900000,0x00000000e3080000,0x00000000e3080000)
  from space 3584K, 0% used [0x00000000e3400000,0x00000000e3400000,0x00000000e3780000)
  to   space 3584K, 0% used [0x00000000e3080000,0x00000000e3080000,0x00000000e3400000)
 ParOldGen       total 62976K, used 0K [0x00000000a4a00000, 0x00000000a8780000, 0x00000000e1900000)
  object space 62976K, 0% used [0x00000000a4a00000,0x00000000a4a00000,0x00000000a8780000)
 Metaspace       used 10572K, capacity 10980K, committed 11264K, reserved 1058816K
  class space    used 1360K, capacity 1501K, committed 1536K, reserved 1048576K
Event: 0.845 GC heap after
Heap after GC invocations=1 (full 0):
 PSYoungGen      total 27648K, used 2896K [0x00000000e1900000, 0x00000000e3780000, 0x0000000100000000)
  eden space 24064K, 0% used [0x00000000e1900000,0x00000000e1900000,0x00000000e3080000)
  from space 3584K, 80% used [0x00000000e3080000,0x00000000e3354050,0x00000000e3400000)
  to   space 3584K, 0% used [0x00000000e3400000,0x00000000e3400000,0x00000000e3780000)
 ParOldGen       total 62976K, used 72K [0x00000000a4a00000, 0x00000000a8780000, 0x00000000e1900000)
  object space 62976K, 0% used [0x00000000a4a00000,0x00000000a4a12010,0x00000000a8780000)
 Metaspace       used 10572K, capacity 10980K, committed 11264K, reserved 1058816K
  class space    used 1360K, capacity 1501K, committed 1536K, reserved 1048576K
}
Event: 1.810 GC heap before
{Heap before GC invocations=2 (full 0):
 PSYoungGen      total 27648K, used 26960K [0x00000000e1900000, 0x00000000e3780000, 0x0000000100000000)
  eden space 24064K, 100% used [0x00000000e1900000,0x00000000e3080000,0x00000000e3080000)
  from space 3584K, 80% used [0x00000000e3080000,0x00000000e3354050,0x00000000e3400000)
  to   space 3584K, 0% used [0x00000000e3400000,0x00000000e3400000,0x00000000e3780000)
 ParOldGen       total 62976K, used 72K [0x00000000a4a00000, 0x00000000a8780000, 0x00000000e1900000)
  object space 62976K, 0% used [0x00000000a4a00000,0x00000000a4a12010,0x00000000a8780000)
 Metaspace       used 16535K, capacity 17220K, committed 17536K, reserved 1064960K
  class space    used 2462K, capacity 2643K, committed 2688K, reserved 1048576K
Event: 1.833 GC heap after
Heap after GC invocations=2 (full 0):
 PSYoungGen      total 27648K, used 3552K [0x00000000e1900000, 0x00000000e4f00000, 0x0000000100000000)
  eden space 24064K, 0% used [0x00000000e1900000,0x00000000e1900000,0x00000000e3080000)
  from space 3584K, 99% used [0x00000000e3400000,0x00000000e3778040,0x00000000e3780000)
  to   space 3584K, 0% used [0x00000000e3080000,0x00000000e3080000,0x00000000e3400000)
 ParOldGen       total 62976K, used 2673K [0x00000000a4a00000, 0x00000000a8780000, 0x00000000e1900000)
  object space 62976K, 4% used [0x00000000a4a00000,0x00000000a4c9c5e8,0x00000000a8780000)
 Metaspace       used 16535K, capacity 17220K, committed 17536K, reserved 1064960K
  class space    used 2462K, capacity 2643K, committed 2688K, reserved 1048576K
}
Event: 3.619 GC heap before
{Heap before GC invocations=3 (full 0):
 PSYoungGen      total 27648K, used 18970K [0x00000000e1900000, 0x00000000e4f00000, 0x0000000100000000)
  eden space 24064K, 64% used [0x00000000e1900000,0x00000000e280e860,0x00000000e3080000)
  from space 3584K, 99% used [0x00000000e3400000,0x00000000e3778040,0x00000000e3780000)
  to   space 3584K, 0% used [0x00000000e3080000,0x00000000e3080000,0x00000000e3400000)
 ParOldGen       total 62976K, used 2673K [0x00000000a4a00000, 0x00000000a8780000, 0x00000000e1900000)
  object space 62976K, 4% used [0x00000000a4a00000,0x00000000a4c9c5e8,0x00000000a8780000)
 Metaspace       used 20568K, capacity 21214K, committed 21296K, reserved 1067008K
  class space    used 2902K, capacity 3108K, committed 3120K, reserved 1048576K
Event: 3.628 GC heap after
Heap after GC invocations=3 (full 0):
 PSYoungGen      total 27648K, used 3568K [0x00000000e1900000, 0x00000000e4f00000, 0x0000000100000000)
  eden space 24064K, 0% used [0x00000000e1900000,0x00000000e1900000,0x00000000e3080000)
  from space 3584K, 99% used [0x00000000e3080000,0x00000000e33fc030,0x00000000e3400000)
  to   space 3584K, 0% used [0x00000000e4b80000,0x00000000e4b80000,0x00000000e4f00000)
 ParOldGen       total 62976K, used 5335K [0x00000000a4a00000, 0x00000000a8780000, 0x00000000e1900000)
  object space 62976K, 8% used [0x00000000a4a00000,0x00000000a4f35f68,0x00000000a8780000)
 Metaspace       used 20568K, capacity 21214K, committed 21296K, reserved 1067008K
  class space    used 2902K, capacity 3108K, committed 3120K, reserved 1048576K
}
Event: 3.628 GC heap before
{Heap before GC invocations=4 (full 1):
 PSYoungGen      total 27648K, used 3568K [0x00000000e1900000, 0x00000000e4f00000, 0x0000000100000000)
  eden space 24064K, 0% used [0x00000000e1900000,0x00000000e1900000,0x00000000e3080000)
  from space 3584K, 99% used [0x00000000e3080000,0x00000000e33fc030,0x00000000e3400000)
  to   space 3584K, 0% used [0x00000000e4b80000,0x00000000e4b80000,0x00000000e4f00000)
 ParOldGen       total 62976K, used 5335K [0x00000000a4a00000, 0x00000000a8780000, 0x00000000e1900000)
  object space 62976K, 8% used [0x00000000a4a00000,0x00000000a4f35f68,0x00000000a8780000)
 Metaspace       used 20568K, capacity 21214K, committed 21296K, reserved 1067008K
  class space    used 2902K, capacity 3108K, committed 3120K, reserved 1048576K
Event: 3.699 GC heap after
Heap after GC invocations=4 (full 1):
 PSYoungGen      total 27648K, used 0K [0x00000000e1900000, 0x00000000e4f00000, 0x0000000100000000)
  eden space 24064K, 0% used [0x00000000e1900000,0x00000000e1900000,0x00000000e3080000)
  from space 3584K, 0% used [0x00000000e3080000,0x00000000e3080000,0x00000000e3400000)
  to   space 3584K, 0% used [0x00000000e4b80000,0x00000000e4b80000,0x00000000e4f00000)
 ParOldGen       total 52224K, used 8521K [0x00000000a4a00000, 0x00000000a7d00000, 0x00000000e1900000)
  object space 52224K, 16% used [0x00000000a4a00000,0x00000000a52524c0,0x00000000a7d00000)
 Metaspace       used 20568K, capacity 21214K, committed 21296K, reserved 1067008K
  class space    used 2902K, capacity 3108K, committed 3120K, reserved 1048576K
}
Event: 4.086 GC heap before
{Heap before GC invocations=5 (full 1):
 PSYoungGen      total 27648K, used 24064K [0x00000000e1900000, 0x00000000e4f00000, 0x0000000100000000)
  eden space 24064K, 100% used [0x00000000e1900000,0x00000000e3080000,0x00000000e3080000)
  from space 3584K, 0% used [0x00000000e3080000,0x00000000e3080000,0x00000000e3400000)
  to   space 3584K, 0% used [0x00000000e4b80000,0x00000000e4b80000,0x00000000e4f00000)
 ParOldGen       total 52224K, used 8521K [0x00000000a4a00000, 0x00000000a7d00000, 0x00000000e1900000)
  object space 52224K, 16% used [0x00000000a4a00000,0x00000000a52524c0,0x00000000a7d00000)
 Metaspace       used 22087K, capacity 22910K, committed 23216K, reserved 1069056K
  class space    used 3172K, capacity 3378K, committed 3504K, reserved 1048576K
Event: 4.090 GC heap after
Heap after GC invocations=5 (full 1):
 PSYoungGen      total 34304K, used 1088K [0x00000000e1900000, 0x00000000e4d00000, 0x0000000100000000)
  eden space 32768K, 0% used [0x00000000e1900000,0x00000000e1900000,0x00000000e3900000)
  from space 1536K, 70% used [0x00000000e4b80000,0x00000000e4c90000,0x00000000e4d00000)
  to   space 3584K, 0% used [0x00000000e4600000,0x00000000e4600000,0x00000000e4980000)
 ParOldGen       total 52224K, used 8529K [0x00000000a4a00000, 0x00000000a7d00000, 0x00000000e1900000)
  object space 52224K, 16% used [0x00000000a4a00000,0x00000000a52544c0,0x00000000a7d00000)
 Metaspace       used 22087K, capacity 22910K, committed 23216K, reserved 1069056K
  class space    used 3172K, capacity 3378K, committed 3504K, reserved 1048576K
}

